<?xml version="1.0" encoding="UTF-8"?>
<testng-results skipped="0" failed="0" ignored="0" total="1" passed="1">
  <reporter-output>
  </reporter-output>
  <suite name="Default suite" duration-ms="43" started-at="2020-04-09T00:55:40Z" finished-at="2020-04-09T00:55:40Z">
    <groups>
    </groups>
    <test name="Default test" duration-ms="43" started-at="2020-04-09T00:55:40Z" finished-at="2020-04-09T00:55:40Z">
      <class name="test1.YahooNewsTest3">
        <test-method status="PASS" signature="xyz()[pri:0, instance:test1.YahooNewsTest3@32e6e9c3]" name="xyz" is-config="true" duration-ms="18" started-at="2020-04-08T17:55:40Z" finished-at="2020-04-08T17:55:40Z">
          <reporter-output>
          </reporter-output>
        </test-method> <!-- xyz -->
        <test-method status="PASS" signature="testNews()[pri:0, instance:test1.YahooNewsTest3@32e6e9c3]" name="testNews" duration-ms="7" started-at="2020-04-08T17:55:40Z" finished-at="2020-04-08T17:55:40Z">
          <reporter-output>
          </reporter-output>
        </test-method> <!-- testNews -->
      </class> <!-- test1.YahooNewsTest3 -->
    </test> <!-- Default test -->
  </suite> <!-- Default suite -->
</testng-results>
